<?xml version="1.0" encoding="UTF-8"?>
<coverage generated="1589917530932" clover="3.2.0">
  <project timestamp="1589917530932" name="All files">
    <metrics statements="33" coveredstatements="32" conditionals="23" coveredconditionals="20" methods="10" coveredmethods="10" elements="66" coveredelements="62" complexity="0" loc="33" ncloc="33" packages="2" files="3" classes="3"/>
    <package name="lib">
      <metrics statements="30" coveredstatements="29" conditionals="23" coveredconditionals="20" methods="10" coveredmethods="10"/>
      <file name="input.js" path="/mnt/c/Users/STD/Desktop/courses/401d3/notes/lib/input.js">
        <metrics statements="10" coveredstatements="10" conditionals="15" coveredconditionals="15" methods="3" coveredmethods="3"/>
        <line num="3" count="1" type="stmt"/>
        <line num="7" count="6" type="stmt"/>
        <line num="8" count="6" type="stmt"/>
        <line num="12" count="13" type="cond" truecount="6" falsecount="0"/>
        <line num="13" count="10" type="cond" truecount="2" falsecount="0"/>
        <line num="14" count="9" type="cond" truecount="2" falsecount="0"/>
        <line num="15" count="8" type="stmt"/>
        <line num="19" count="6" type="cond" truecount="4" falsecount="0"/>
        <line num="20" count="3" type="stmt"/>
        <line num="24" count="1" type="stmt"/>
      </file>
      <file name="notes.js" path="/mnt/c/Users/STD/Desktop/courses/401d3/notes/lib/notes.js">
        <metrics statements="20" coveredstatements="19" conditionals="8" coveredconditionals="5" methods="7" coveredmethods="7"/>
        <line num="3" count="1" type="stmt"/>
        <line num="11" count="3" type="cond" truecount="2" falsecount="0"/>
        <line num="12" count="2" type="cond" truecount="1" falsecount="1"/>
        <line num="13" count="2" type="cond" truecount="1" falsecount="1"/>
        <line num="14" count="2" type="stmt"/>
        <line num="18" count="2" type="stmt"/>
        <line num="19" count="2" type="stmt"/>
        <line num="20" count="2" type="stmt"/>
        <line num="21" count="2" type="stmt"/>
        <line num="25" count="1" type="stmt"/>
        <line num="26" count="1" type="stmt"/>
        <line num="30" count="1" type="stmt"/>
        <line num="31" count="1" type="cond" truecount="1" falsecount="1"/>
        <line num="32" count="0" type="stmt"/>
        <line num="36" count="1" type="stmt"/>
        <line num="37" count="1" type="stmt"/>
        <line num="38" count="1" type="stmt"/>
        <line num="39" count="1" type="stmt"/>
        <line num="40" count="1" type="stmt"/>
        <line num="46" count="1" type="stmt"/>
      </file>
    </package>
    <package name="models">
      <metrics statements="3" coveredstatements="3" conditionals="0" coveredconditionals="0" methods="0" coveredmethods="0"/>
      <file name="notes-schema.js" path="/mnt/c/Users/STD/Desktop/courses/401d3/notes/models/notes-schema.js">
        <metrics statements="3" coveredstatements="3" conditionals="0" coveredconditionals="0" methods="0" coveredmethods="0"/>
        <line num="3" count="1" type="stmt"/>
        <line num="6" count="1" type="stmt"/>
        <line num="12" count="1" type="stmt"/>
      </file>
    </package>
  </project>
</coverage>
