{"/mnt/c/Users/STD/Desktop/courses/401d3/notes/lib/input.js": {"path":"/mnt/c/Users/STD/Desktop/courses/401d3/notes/lib/input.js","statementMap":{"0":{"start":{"line":8,"column":17},"end":{"line":8,"column":36}},"1":{"start":{"line":9,"column":0},"end":{"line":9,"column":18}},"2":{"start":{"line":25,"column":17},"end":{"line":25,"column":48}},"3":{"start":{"line":26,"column":4},"end":{"line":26,"column":23}},"4":{"start":{"line":27,"column":4},"end":{"line":27,"column":25}},"5":{"start":{"line":28,"column":4},"end":{"line":28,"column":19}},"6":{"start":{"line":29,"column":4},"end":{"line":29,"column":24}},"7":{"start":{"line":30,"column":4},"end":{"line":30,"column":22}},"8":{"start":{"line":31,"column":4},"end":{"line":31,"column":25}},"9":{"start":{"line":40,"column":4},"end":{"line":40,"column":23}},"10":{"start":{"line":41,"column":4},"end":{"line":41,"column":25}},"11":{"start":{"line":42,"column":4},"end":{"line":42,"column":19}},"12":{"start":{"line":43,"column":4},"end":{"line":43,"column":24}},"13":{"start":{"line":44,"column":4},"end":{"line":44,"column":22}},"14":{"start":{"line":45,"column":4},"end":{"line":45,"column":55}},"15":{"start":{"line":45,"column":33},"end":{"line":45,"column":55}},"16":{"start":{"line":46,"column":4},"end":{"line":46,"column":67}},"17":{"start":{"line":46,"column":44},"end":{"line":46,"column":67}},"18":{"start":{"line":47,"column":4},"end":{"line":47,"column":52}},"19":{"start":{"line":47,"column":32},"end":{"line":47,"column":52}},"20":{"start":{"line":48,"column":4},"end":{"line":48,"column":54}},"21":{"start":{"line":48,"column":33},"end":{"line":48,"column":54}},"22":{"start":{"line":49,"column":4},"end":{"line":49,"column":58}},"23":{"start":{"line":49,"column":35},"end":{"line":49,"column":58}},"24":{"start":{"line":50,"column":4},"end":{"line":50,"column":58}},"25":{"start":{"line":50,"column":35},"end":{"line":50,"column":58}},"26":{"start":{"line":52,"column":4},"end":{"line":52,"column":75}},"27":{"start":{"line":53,"column":4},"end":{"line":53,"column":69}},"28":{"start":{"line":54,"column":4},"end":{"line":54,"column":72}},"29":{"start":{"line":56,"column":4},"end":{"line":64,"column":5}},"30":{"start":{"line":57,"column":6},"end":{"line":63,"column":7}},"31":{"start":{"line":58,"column":8},"end":{"line":60,"column":9}},"32":{"start":{"line":59,"column":10},"end":{"line":59,"column":40}},"33":{"start":{"line":62,"column":8},"end":{"line":62,"column":34}},"34":{"start":{"line":65,"column":4},"end":{"line":65,"column":53}},"35":{"start":{"line":66,"column":4},"end":{"line":66,"column":115}},"36":{"start":{"line":75,"column":17},"end":{"line":79,"column":5}},"37":{"start":{"line":80,"column":4},"end":{"line":80,"column":33}},"38":{"start":{"line":88,"column":4},"end":{"line":88,"column":74}},"39":{"start":{"line":89,"column":4},"end":{"line":89,"column":38}},"40":{"start":{"line":90,"column":4},"end":{"line":90,"column":70}},"41":{"start":{"line":91,"column":4},"end":{"line":91,"column":83}},"42":{"start":{"line":92,"column":4},"end":{"line":92,"column":113}},"43":{"start":{"line":93,"column":4},"end":{"line":93,"column":91}},"44":{"start":{"line":94,"column":4},"end":{"line":94,"column":161}},"45":{"start":{"line":95,"column":4},"end":{"line":95,"column":110}},"46":{"start":{"line":96,"column":4},"end":{"line":96,"column":84}},"47":{"start":{"line":97,"column":4},"end":{"line":97,"column":141}},"48":{"start":{"line":98,"column":4},"end":{"line":98,"column":74}},"49":{"start":{"line":99,"column":4},"end":{"line":99,"column":93}},"50":{"start":{"line":100,"column":4},"end":{"line":100,"column":51}},"51":{"start":{"line":104,"column":0},"end":{"line":104,"column":23}}},"fnMap":{"0":{"name":"(anonymous_0)","decl":{"start":{"line":24,"column":2},"end":{"line":24,"column":3}},"loc":{"start":{"line":24,"column":16},"end":{"line":32,"column":3}},"line":24},"1":{"name":"(anonymous_1)","decl":{"start":{"line":39,"column":2},"end":{"line":39,"column":3}},"loc":{"start":{"line":39,"column":20},"end":{"line":67,"column":3}},"line":39},"2":{"name":"(anonymous_2)","decl":{"start":{"line":74,"column":2},"end":{"line":74,"column":3}},"loc":{"start":{"line":74,"column":19},"end":{"line":81,"column":3}},"line":74},"3":{"name":"(anonymous_3)","decl":{"start":{"line":87,"column":2},"end":{"line":87,"column":3}},"loc":{"start":{"line":87,"column":12},"end":{"line":101,"column":3}},"line":87}},"branchMap":{"0":{"loc":{"start":{"line":45,"column":4},"end":{"line":45,"column":55}},"type":"if","locations":[{"start":{"line":45,"column":4},"end":{"line":45,"column":55}},{"start":{"line":45,"column":4},"end":{"line":45,"column":55}}],"line":45},"1":{"loc":{"start":{"line":45,"column":8},"end":{"line":45,"column":31}},"type":"binary-expr","locations":[{"start":{"line":45,"column":8},"end":{"line":45,"column":19}},{"start":{"line":45,"column":23},"end":{"line":45,"column":31}}],"line":45},"2":{"loc":{"start":{"line":46,"column":4},"end":{"line":46,"column":67}},"type":"if","locations":[{"start":{"line":46,"column":4},"end":{"line":46,"column":67}},{"start":{"line":46,"column":4},"end":{"line":46,"column":67}}],"line":46},"3":{"loc":{"start":{"line":46,"column":8},"end":{"line":46,"column":42}},"type":"binary-expr","locations":[{"start":{"line":46,"column":8},"end":{"line":46,"column":28}},{"start":{"line":46,"column":32},"end":{"line":46,"column":42}}],"line":46},"4":{"loc":{"start":{"line":47,"column":4},"end":{"line":47,"column":52}},"type":"if","locations":[{"start":{"line":47,"column":4},"end":{"line":47,"column":52}},{"start":{"line":47,"column":4},"end":{"line":47,"column":52}}],"line":47},"5":{"loc":{"start":{"line":47,"column":8},"end":{"line":47,"column":30}},"type":"binary-expr","locations":[{"start":{"line":47,"column":8},"end":{"line":47,"column":16}},{"start":{"line":47,"column":20},"end":{"line":47,"column":30}}],"line":47},"6":{"loc":{"start":{"line":48,"column":4},"end":{"line":48,"column":54}},"type":"if","locations":[{"start":{"line":48,"column":4},"end":{"line":48,"column":54}},{"start":{"line":48,"column":4},"end":{"line":48,"column":54}}],"line":48},"7":{"loc":{"start":{"line":48,"column":8},"end":{"line":48,"column":31}},"type":"binary-expr","locations":[{"start":{"line":48,"column":8},"end":{"line":48,"column":19}},{"start":{"line":48,"column":23},"end":{"line":48,"column":31}}],"line":48},"8":{"loc":{"start":{"line":49,"column":4},"end":{"line":49,"column":58}},"type":"if","locations":[{"start":{"line":49,"column":4},"end":{"line":49,"column":58}},{"start":{"line":49,"column":4},"end":{"line":49,"column":58}}],"line":49},"9":{"loc":{"start":{"line":49,"column":8},"end":{"line":49,"column":33}},"type":"binary-expr","locations":[{"start":{"line":49,"column":8},"end":{"line":49,"column":21}},{"start":{"line":49,"column":25},"end":{"line":49,"column":33}}],"line":49},"10":{"loc":{"start":{"line":50,"column":4},"end":{"line":50,"column":58}},"type":"if","locations":[{"start":{"line":50,"column":4},"end":{"line":50,"column":58}},{"start":{"line":50,"column":4},"end":{"line":50,"column":58}}],"line":50},"11":{"loc":{"start":{"line":50,"column":8},"end":{"line":50,"column":33}},"type":"binary-expr","locations":[{"start":{"line":50,"column":8},"end":{"line":50,"column":21}},{"start":{"line":50,"column":25},"end":{"line":50,"column":33}}],"line":50},"12":{"loc":{"start":{"line":52,"column":20},"end":{"line":52,"column":74}},"type":"binary-expr","locations":[{"start":{"line":52,"column":20},"end":{"line":52,"column":35}},{"start":{"line":52,"column":39},"end":{"line":52,"column":47}},{"start":{"line":52,"column":51},"end":{"line":52,"column":62}},{"start":{"line":52,"column":66},"end":{"line":52,"column":74}}],"line":52},"13":{"loc":{"start":{"line":53,"column":14},"end":{"line":53,"column":68}},"type":"binary-expr","locations":[{"start":{"line":53,"column":14},"end":{"line":53,"column":27}},{"start":{"line":53,"column":31},"end":{"line":53,"column":39}},{"start":{"line":53,"column":43},"end":{"line":53,"column":51}},{"start":{"line":53,"column":55},"end":{"line":53,"column":68}}],"line":53},"14":{"loc":{"start":{"line":54,"column":19},"end":{"line":54,"column":71}},"type":"binary-expr","locations":[{"start":{"line":54,"column":19},"end":{"line":54,"column":27}},{"start":{"line":54,"column":31},"end":{"line":54,"column":41}},{"start":{"line":54,"column":45},"end":{"line":54,"column":53}},{"start":{"line":54,"column":57},"end":{"line":54,"column":71}}],"line":54},"15":{"loc":{"start":{"line":56,"column":4},"end":{"line":64,"column":5}},"type":"if","locations":[{"start":{"line":56,"column":4},"end":{"line":64,"column":5}},{"start":{"line":56,"column":4},"end":{"line":64,"column":5}}],"line":56},"16":{"loc":{"start":{"line":57,"column":6},"end":{"line":63,"column":7}},"type":"if","locations":[{"start":{"line":57,"column":6},"end":{"line":63,"column":7}},{"start":{"line":57,"column":6},"end":{"line":63,"column":7}}],"line":57},"17":{"loc":{"start":{"line":58,"column":8},"end":{"line":60,"column":9}},"type":"if","locations":[{"start":{"line":58,"column":8},"end":{"line":60,"column":9}},{"start":{"line":58,"column":8},"end":{"line":60,"column":9}}],"line":58},"18":{"loc":{"start":{"line":58,"column":12},"end":{"line":58,"column":52}},"type":"binary-expr","locations":[{"start":{"line":58,"column":12},"end":{"line":58,"column":26}},{"start":{"line":58,"column":30},"end":{"line":58,"column":52}}],"line":58},"19":{"loc":{"start":{"line":65,"column":4},"end":{"line":65,"column":52}},"type":"cond-expr","locations":[{"start":{"line":65,"column":18},"end":{"line":65,"column":22}},{"start":{"line":65,"column":25},"end":{"line":65,"column":52}}],"line":65}},"s":{"0":1,"1":1,"2":1,"3":1,"4":1,"5":1,"6":1,"7":1,"8":1,"9":10,"10":10,"11":10,"12":10,"13":10,"14":10,"15":1,"16":9,"17":1,"18":9,"19":4,"20":9,"21":1,"22":9,"23":1,"24":9,"25":1,"26":9,"27":9,"28":9,"29":9,"30":4,"31":3,"32":2,"33":1,"34":9,"35":9,"36":4,"37":4,"38":1,"39":1,"40":1,"41":1,"42":1,"43":1,"44":1,"45":1,"46":1,"47":1,"48":1,"49":1,"50":1,"51":1},"f":{"0":1,"1":10,"2":4,"3":1},"b":{"0":[1,9],"1":[10,9],"2":[1,8],"3":[9,9],"4":[4,5],"5":[9,9],"6":[1,8],"7":[9,8],"8":[1,8],"9":[9,8],"10":[1,8],"11":[9,8],"12":[9,7,7,6],"13":[9,8,8,8],"14":[9,9,5,5],"15":[4,5],"16":[3,1],"17":[2,1],"18":[3,2],"19":[8,1]},"_coverageSchema":"1a1c01bbd47fc00a2c39e90264f33305004495a9","hash":"b419c295c3842a90e9bd1e5f21841157c778f5b8"}
,"/mnt/c/Users/STD/Desktop/courses/401d3/notes/lib/notes.js": {"path":"/mnt/c/Users/STD/Desktop/courses/401d3/notes/lib/notes.js","statementMap":{"0":{"start":{"line":7,"column":0},"end":{"line":7,"column":18}},"1":{"start":{"line":8,"column":23},"end":{"line":8,"column":60}},"2":{"start":{"line":9,"column":23},"end":{"line":9,"column":43}},"3":{"start":{"line":32,"column":4},"end":{"line":32,"column":65}},"4":{"start":{"line":32,"column":25},"end":{"line":32,"column":65}},"5":{"start":{"line":33,"column":4},"end":{"line":33,"column":63}},"6":{"start":{"line":33,"column":36},"end":{"line":33,"column":63}},"7":{"start":{"line":34,"column":4},"end":{"line":34,"column":65}},"8":{"start":{"line":34,"column":37},"end":{"line":34,"column":65}},"9":{"start":{"line":35,"column":4},"end":{"line":35,"column":69}},"10":{"start":{"line":35,"column":39},"end":{"line":35,"column":69}},"11":{"start":{"line":36,"column":4},"end":{"line":36,"column":69}},"12":{"start":{"line":36,"column":39},"end":{"line":36,"column":69}},"13":{"start":{"line":46,"column":16},"end":{"line":46,"column":73}},"14":{"start":{"line":47,"column":4},"end":{"line":47,"column":54}},"15":{"start":{"line":48,"column":4},"end":{"line":48,"column":39}},"16":{"start":{"line":58,"column":4},"end":{"line":58,"column":61}},"17":{"start":{"line":59,"column":4},"end":{"line":59,"column":49}},"18":{"start":{"line":69,"column":16},"end":{"line":69,"column":61}},"19":{"start":{"line":70,"column":4},"end":{"line":70,"column":56}},"20":{"start":{"line":71,"column":4},"end":{"line":71,"column":54}},"21":{"start":{"line":80,"column":21},"end":{"line":80,"column":44}},"22":{"start":{"line":81,"column":15},"end":{"line":81,"column":102}},"23":{"start":{"line":82,"column":4},"end":{"line":82,"column":28}},"24":{"start":{"line":89,"column":4},"end":{"line":98,"column":5}},"25":{"start":{"line":90,"column":6},"end":{"line":95,"column":9}},"26":{"start":{"line":91,"column":8},"end":{"line":91,"column":22}},"27":{"start":{"line":92,"column":8},"end":{"line":92,"column":33}},"28":{"start":{"line":93,"column":8},"end":{"line":93,"column":76}},"29":{"start":{"line":94,"column":8},"end":{"line":94,"column":64}},"30":{"start":{"line":97,"column":6},"end":{"line":97,"column":35}},"31":{"start":{"line":103,"column":0},"end":{"line":103,"column":23}}},"fnMap":{"0":{"name":"(anonymous_0)","decl":{"start":{"line":22,"column":2},"end":{"line":22,"column":3}},"loc":{"start":{"line":22,"column":16},"end":{"line":24,"column":3}},"line":22},"1":{"name":"(anonymous_1)","decl":{"start":{"line":31,"column":2},"end":{"line":31,"column":3}},"loc":{"start":{"line":31,"column":27},"end":{"line":37,"column":3}},"line":31},"2":{"name":"(anonymous_2)","decl":{"start":{"line":45,"column":2},"end":{"line":45,"column":3}},"loc":{"start":{"line":45,"column":23},"end":{"line":49,"column":3}},"line":45},"3":{"name":"(anonymous_3)","decl":{"start":{"line":57,"column":2},"end":{"line":57,"column":3}},"loc":{"start":{"line":57,"column":29},"end":{"line":60,"column":3}},"line":57},"4":{"name":"(anonymous_4)","decl":{"start":{"line":68,"column":2},"end":{"line":68,"column":3}},"loc":{"start":{"line":68,"column":26},"end":{"line":72,"column":3}},"line":68},"5":{"name":"(anonymous_5)","decl":{"start":{"line":79,"column":2},"end":{"line":79,"column":3}},"loc":{"start":{"line":79,"column":29},"end":{"line":83,"column":3}},"line":79},"6":{"name":"(anonymous_6)","decl":{"start":{"line":88,"column":2},"end":{"line":88,"column":3}},"loc":{"start":{"line":88,"column":21},"end":{"line":99,"column":3}},"line":88},"7":{"name":"(anonymous_7)","decl":{"start":{"line":90,"column":19},"end":{"line":90,"column":20}},"loc":{"start":{"line":90,"column":24},"end":{"line":95,"column":7}},"line":90}},"branchMap":{"0":{"loc":{"start":{"line":32,"column":4},"end":{"line":32,"column":65}},"type":"if","locations":[{"start":{"line":32,"column":4},"end":{"line":32,"column":65}},{"start":{"line":32,"column":4},"end":{"line":32,"column":65}}],"line":32},"1":{"loc":{"start":{"line":33,"column":4},"end":{"line":33,"column":63}},"type":"if","locations":[{"start":{"line":33,"column":4},"end":{"line":33,"column":63}},{"start":{"line":33,"column":4},"end":{"line":33,"column":63}}],"line":33},"2":{"loc":{"start":{"line":34,"column":4},"end":{"line":34,"column":65}},"type":"if","locations":[{"start":{"line":34,"column":4},"end":{"line":34,"column":65}},{"start":{"line":34,"column":4},"end":{"line":34,"column":65}}],"line":34},"3":{"loc":{"start":{"line":35,"column":4},"end":{"line":35,"column":69}},"type":"if","locations":[{"start":{"line":35,"column":4},"end":{"line":35,"column":69}},{"start":{"line":35,"column":4},"end":{"line":35,"column":69}}],"line":35},"4":{"loc":{"start":{"line":36,"column":4},"end":{"line":36,"column":69}},"type":"if","locations":[{"start":{"line":36,"column":4},"end":{"line":36,"column":69}},{"start":{"line":36,"column":4},"end":{"line":36,"column":69}}],"line":36},"5":{"loc":{"start":{"line":81,"column":15},"end":{"line":81,"column":102}},"type":"cond-expr","locations":[{"start":{"line":81,"column":37},"end":{"line":81,"column":73}},{"start":{"line":81,"column":76},"end":{"line":81,"column":102}}],"line":81},"6":{"loc":{"start":{"line":89,"column":4},"end":{"line":98,"column":5}},"type":"if","locations":[{"start":{"line":89,"column":4},"end":{"line":98,"column":5}},{"start":{"line":89,"column":4},"end":{"line":98,"column":5}}],"line":89}},"s":{"0":1,"1":1,"2":1,"3":5,"4":1,"5":4,"6":1,"7":3,"8":1,"9":2,"10":1,"11":1,"12":1,"13":2,"14":2,"15":2,"16":2,"17":2,"18":2,"19":2,"20":2,"21":3,"22":3,"23":0,"24":2,"25":1,"26":1,"27":1,"28":1,"29":1,"30":1,"31":1},"f":{"0":12,"1":5,"2":2,"3":2,"4":2,"5":3,"6":2,"7":1},"b":{"0":[1,4],"1":[1,3],"2":[1,2],"3":[1,1],"4":[1,0],"5":[3,0],"6":[1,1]},"_coverageSchema":"1a1c01bbd47fc00a2c39e90264f33305004495a9","hash":"07b8fc988ddbef184a769c6a02fdf91d091782bc"}
,"/mnt/c/Users/STD/Desktop/courses/401d3/notes/models/notes-collection.js": {"path":"/mnt/c/Users/STD/Desktop/courses/401d3/notes/models/notes-collection.js","statementMap":{"0":{"start":{"line":4,"column":15},"end":{"line":4,"column":40}},"1":{"start":{"line":14,"column":4},"end":{"line":19,"column":5}},"2":{"start":{"line":15,"column":6},"end":{"line":15,"column":54}},"3":{"start":{"line":18,"column":6},"end":{"line":18,"column":35}},"4":{"start":{"line":23,"column":20},"end":{"line":23,"column":38}},"5":{"start":{"line":24,"column":4},"end":{"line":24,"column":34}},"6":{"start":{"line":28,"column":4},"end":{"line":28,"column":55}},"7":{"start":{"line":32,"column":4},"end":{"line":32,"column":40}},"8":{"start":{"line":36,"column":0},"end":{"line":36,"column":27}}},"fnMap":{"0":{"name":"(anonymous_0)","decl":{"start":{"line":8,"column":2},"end":{"line":8,"column":3}},"loc":{"start":{"line":8,"column":16},"end":{"line":10,"column":3}},"line":8},"1":{"name":"(anonymous_1)","decl":{"start":{"line":12,"column":2},"end":{"line":12,"column":3}},"loc":{"start":{"line":12,"column":22},"end":{"line":20,"column":3}},"line":12},"2":{"name":"(anonymous_2)","decl":{"start":{"line":22,"column":2},"end":{"line":22,"column":3}},"loc":{"start":{"line":22,"column":23},"end":{"line":25,"column":3}},"line":22},"3":{"name":"(anonymous_3)","decl":{"start":{"line":27,"column":2},"end":{"line":27,"column":3}},"loc":{"start":{"line":27,"column":26},"end":{"line":29,"column":3}},"line":27},"4":{"name":"(anonymous_4)","decl":{"start":{"line":31,"column":2},"end":{"line":31,"column":3}},"loc":{"start":{"line":31,"column":20},"end":{"line":33,"column":3}},"line":31}},"branchMap":{"0":{"loc":{"start":{"line":14,"column":4},"end":{"line":19,"column":5}},"type":"if","locations":[{"start":{"line":14,"column":4},"end":{"line":19,"column":5}},{"start":{"line":14,"column":4},"end":{"line":19,"column":5}}],"line":14}},"s":{"0":2,"1":7,"2":3,"3":4,"4":6,"5":6,"6":3,"7":3,"8":2},"f":{"0":2,"1":7,"2":6,"3":3,"4":3},"b":{"0":[3,4]},"_coverageSchema":"1a1c01bbd47fc00a2c39e90264f33305004495a9","hash":"5bf2233bd99b942a7d468839f02d198d9f094516"}
,"/mnt/c/Users/STD/Desktop/courses/401d3/notes/models/notes-schema.js": {"path":"/mnt/c/Users/STD/Desktop/courses/401d3/notes/models/notes-schema.js","statementMap":{"0":{"start":{"line":3,"column":17},"end":{"line":3,"column":36}},"1":{"start":{"line":6,"column":14},"end":{"line":9,"column":2}},"2":{"start":{"line":12,"column":0},"end":{"line":12,"column":48}}},"fnMap":{},"branchMap":{},"s":{"0":2,"1":2,"2":2},"f":{},"b":{},"_coverageSchema":"1a1c01bbd47fc00a2c39e90264f33305004495a9","hash":"ab6a0acd757a28f156df74291504498196e3d06a"}
}
