{"/mnt/c/Users/STD/Desktop/courses/401d3/notes/models/notes-collection.js": {"path":"/mnt/c/Users/STD/Desktop/courses/401d3/notes/models/notes-collection.js","statementMap":{"0":{"start":{"line":4,"column":15},"end":{"line":4,"column":40}},"1":{"start":{"line":14,"column":4},"end":{"line":19,"column":5}},"2":{"start":{"line":15,"column":6},"end":{"line":15,"column":54}},"3":{"start":{"line":18,"column":6},"end":{"line":18,"column":35}},"4":{"start":{"line":23,"column":20},"end":{"line":23,"column":38}},"5":{"start":{"line":24,"column":4},"end":{"line":24,"column":34}},"6":{"start":{"line":28,"column":4},"end":{"line":28,"column":55}},"7":{"start":{"line":32,"column":4},"end":{"line":32,"column":40}},"8":{"start":{"line":36,"column":0},"end":{"line":36,"column":27}}},"fnMap":{"0":{"name":"(anonymous_0)","decl":{"start":{"line":8,"column":2},"end":{"line":8,"column":3}},"loc":{"start":{"line":8,"column":16},"end":{"line":10,"column":3}},"line":8},"1":{"name":"(anonymous_1)","decl":{"start":{"line":12,"column":2},"end":{"line":12,"column":3}},"loc":{"start":{"line":12,"column":22},"end":{"line":20,"column":3}},"line":12},"2":{"name":"(anonymous_2)","decl":{"start":{"line":22,"column":2},"end":{"line":22,"column":3}},"loc":{"start":{"line":22,"column":23},"end":{"line":25,"column":3}},"line":22},"3":{"name":"(anonymous_3)","decl":{"start":{"line":27,"column":2},"end":{"line":27,"column":3}},"loc":{"start":{"line":27,"column":26},"end":{"line":29,"column":3}},"line":27},"4":{"name":"(anonymous_4)","decl":{"start":{"line":31,"column":2},"end":{"line":31,"column":3}},"loc":{"start":{"line":31,"column":20},"end":{"line":33,"column":3}},"line":31}},"branchMap":{"0":{"loc":{"start":{"line":14,"column":4},"end":{"line":19,"column":5}},"type":"if","locations":[{"start":{"line":14,"column":4},"end":{"line":19,"column":5}},{"start":{"line":14,"column":4},"end":{"line":19,"column":5}}],"line":14}},"s":{"0":1,"1":2,"2":1,"3":1,"4":2,"5":2,"6":0,"7":0,"8":1},"f":{"0":1,"1":2,"2":2,"3":0,"4":0},"b":{"0":[1,1]},"_coverageSchema":"1a1c01bbd47fc00a2c39e90264f33305004495a9","hash":"5bf2233bd99b942a7d468839f02d198d9f094516"}
,"/mnt/c/Users/STD/Desktop/courses/401d3/notes/models/notes-schema.js": {"path":"/mnt/c/Users/STD/Desktop/courses/401d3/notes/models/notes-schema.js","statementMap":{"0":{"start":{"line":3,"column":17},"end":{"line":3,"column":36}},"1":{"start":{"line":6,"column":14},"end":{"line":9,"column":2}},"2":{"start":{"line":12,"column":0},"end":{"line":12,"column":48}}},"fnMap":{},"branchMap":{},"s":{"0":1,"1":1,"2":1},"f":{},"b":{},"_coverageSchema":"1a1c01bbd47fc00a2c39e90264f33305004495a9","hash":"ab6a0acd757a28f156df74291504498196e3d06a"}
}
