TN:
SF:lib/input.js
FN:6,(anonymous_0)
FN:11,(anonymous_1)
FN:19,(anonymous_2)
FN:24,(anonymous_3)
FNF:4
FNH:4
FNDA:7,(anonymous_0)
FNDA:17,(anonymous_1)
FNDA:6,(anonymous_2)
FNDA:3,(anonymous_3)
DA:3,1
DA:7,7
DA:8,7
DA:12,17
DA:13,14
DA:14,12
DA:15,10
DA:16,9
DA:20,6
DA:21,3
DA:25,3
DA:26,1
DA:30,1
LF:13
LH:13
BRDA:12,0,0,3
BRDA:12,0,1,14
BRDA:12,1,0,17
BRDA:12,1,1,15
BRDA:12,2,0,3
BRDA:12,2,1,1
BRDA:13,3,0,2
BRDA:13,3,1,12
BRDA:13,4,0,14
BRDA:13,4,1,13
BRDA:13,5,0,2
BRDA:13,5,1,1
BRDA:14,6,0,2
BRDA:14,6,1,10
BRDA:14,7,0,12
BRDA:14,7,1,11
BRDA:14,8,0,2
BRDA:14,8,1,1
BRDA:15,9,0,1
BRDA:15,9,1,9
BRDA:15,10,0,10
BRDA:15,10,1,9
BRDA:15,11,0,1
BRDA:15,11,1,1
BRDA:19,12,0,1
BRDA:20,13,0,3
BRDA:20,13,1,3
BRDA:20,14,0,6
BRDA:20,14,1,4
BRDA:24,15,0,1
BRDA:25,16,0,2
BRDA:25,16,1,1
BRDA:25,17,0,3
BRDA:25,17,1,3
BRF:34
BRH:34
end_of_record
TN:
SF:lib/notes.js
FN:7,(anonymous_0)
FN:11,(anonymous_1)
FN:19,(anonymous_2)
FN:25,(anonymous_3)
FN:30,(anonymous_4)
FN:36,(anonymous_5)
FN:42,(anonymous_6)
FN:44,(anonymous_7)
FNF:8
FNH:8
FNDA:13,(anonymous_0)
FNDA:6,(anonymous_1)
FNDA:2,(anonymous_2)
FNDA:2,(anonymous_3)
FNDA:2,(anonymous_4)
FNDA:3,(anonymous_5)
FNDA:2,(anonymous_6)
FNDA:1,(anonymous_7)
DA:3,1
DA:4,1
DA:12,6
DA:13,5
DA:14,4
DA:15,3
DA:16,2
DA:20,2
DA:21,2
DA:22,2
DA:26,2
DA:27,2
DA:31,2
DA:32,2
DA:33,2
DA:37,3
DA:38,3
DA:39,0
DA:43,2
DA:44,1
DA:45,1
DA:46,1
DA:47,1
DA:48,1
DA:51,1
DA:57,1
LF:26
LH:25
BRDA:12,0,0,1
BRDA:12,0,1,5
BRDA:13,1,0,1
BRDA:13,1,1,4
BRDA:14,2,0,1
BRDA:14,2,1,3
BRDA:15,3,0,1
BRDA:15,3,1,2
BRDA:38,4,0,2
BRDA:38,4,1,1
BRDA:43,5,0,1
BRDA:43,5,1,1
BRF:12
BRH:12
end_of_record
TN:
SF:models/notes-collection.js
FN:8,(anonymous_0)
FN:12,(anonymous_1)
FN:22,(anonymous_2)
FN:27,(anonymous_3)
FN:31,(anonymous_4)
FNF:5
FNH:5
FNDA:2,(anonymous_0)
FNDA:7,(anonymous_1)
FNDA:6,(anonymous_2)
FNDA:3,(anonymous_3)
FNDA:3,(anonymous_4)
DA:4,2
DA:14,7
DA:15,4
DA:18,3
DA:23,6
DA:24,6
DA:28,3
DA:32,3
DA:36,2
LF:9
LH:9
BRDA:14,0,0,4
BRDA:14,0,1,3
BRF:2
BRH:2
end_of_record
TN:
SF:models/notes-schema.js
FNF:0
FNH:0
DA:3,2
DA:6,2
DA:12,2
LF:3
LH:3
BRF:0
BRH:0
end_of_record
