TN:
SF:lib/notes.js
FN:6,(anonymous_0)
FN:10,(anonymous_1)
FN:17,(anonymous_2)
FN:24,(anonymous_3)
FN:29,(anonymous_4)
FN:35,(anonymous_5)
FN:36,(anonymous_6)
FNF:7
FNH:7
FNDA:10,(anonymous_0)
FNDA:5,(anonymous_1)
FNDA:2,(anonymous_2)
FNDA:2,(anonymous_3)
FNDA:3,(anonymous_4)
FNDA:1,(anonymous_5)
FNDA:1,(anonymous_6)
DA:3,1
DA:11,5
DA:12,4
DA:13,3
DA:14,2
DA:18,2
DA:19,2
DA:20,2
DA:21,2
DA:25,2
DA:26,2
DA:30,3
DA:31,3
DA:32,0
DA:36,1
DA:37,1
DA:38,1
DA:39,1
DA:40,1
DA:46,1
LF:20
LH:19
BRDA:11,0,0,1
BRDA:11,0,1,4
BRDA:12,1,0,1
BRDA:12,1,1,3
BRDA:13,2,0,1
BRDA:13,2,1,2
BRDA:31,3,0,2
BRDA:31,3,1,1
BRF:8
BRH:8
end_of_record
TN:
SF:models/notes-schema.js
FNF:0
FNH:0
DA:3,1
DA:6,1
DA:12,1
LF:3
LH:3
BRF:0
BRH:0
end_of_record
