TN:
SF:lib/input.js
FN:12,(anonymous_0)
FN:27,(anonymous_1)
FN:61,(anonymous_2)
FN:70,(anonymous_3)
FNF:4
FNH:4
FNDA:1,(anonymous_0)
FNDA:9,(anonymous_1)
FNDA:4,(anonymous_2)
FNDA:1,(anonymous_3)
DA:8,1
DA:9,1
DA:13,1
DA:14,1
DA:15,1
DA:16,1
DA:17,1
DA:18,1
DA:19,1
DA:28,9
DA:29,9
DA:30,9
DA:31,9
DA:32,9
DA:33,9
DA:34,8
DA:35,8
DA:36,8
DA:37,8
DA:39,8
DA:40,8
DA:41,8
DA:43,8
DA:44,4
DA:45,3
DA:46,2
DA:49,1
DA:52,8
DA:53,8
DA:62,4
DA:67,4
DA:71,1
DA:72,1
DA:73,1
DA:74,1
DA:75,1
DA:76,1
DA:77,1
DA:78,1
DA:79,1
DA:80,1
DA:81,1
DA:85,1
LF:43
LH:43
BRDA:33,0,0,1
BRDA:33,0,1,8
BRDA:33,1,0,9
BRDA:33,1,1,8
BRDA:34,2,0,4
BRDA:34,2,1,4
BRDA:34,3,0,8
BRDA:34,3,1,8
BRDA:35,4,0,1
BRDA:35,4,1,7
BRDA:35,5,0,8
BRDA:35,5,1,7
BRDA:36,6,0,1
BRDA:36,6,1,7
BRDA:36,7,0,8
BRDA:36,7,1,7
BRDA:37,8,0,1
BRDA:37,8,1,7
BRDA:37,9,0,8
BRDA:37,9,1,7
BRDA:39,10,0,8
BRDA:39,10,1,6
BRDA:39,10,2,6
BRDA:39,10,3,5
BRDA:40,11,0,8
BRDA:40,11,1,7
BRDA:40,11,2,7
BRDA:40,11,3,7
BRDA:41,12,0,8
BRDA:41,12,1,8
BRDA:41,12,2,4
BRDA:41,12,3,4
BRDA:43,13,0,4
BRDA:43,13,1,4
BRDA:44,14,0,3
BRDA:44,14,1,1
BRDA:45,15,0,2
BRDA:45,15,1,1
BRDA:45,16,0,3
BRDA:45,16,1,2
BRDA:52,17,0,7
BRDA:52,17,1,1
BRF:42
BRH:42
end_of_record
TN:
SF:lib/notes.js
FN:12,(anonymous_0)
FN:16,(anonymous_1)
FN:24,(anonymous_2)
FN:30,(anonymous_3)
FN:35,(anonymous_4)
FN:41,(anonymous_5)
FN:51,(anonymous_6)
FN:53,(anonymous_7)
FNF:8
FNH:8
FNDA:12,(anonymous_0)
FNDA:5,(anonymous_1)
FNDA:2,(anonymous_2)
FNDA:2,(anonymous_3)
FNDA:2,(anonymous_4)
FNDA:3,(anonymous_5)
FNDA:2,(anonymous_6)
FNDA:1,(anonymous_7)
DA:7,1
DA:8,1
DA:9,1
DA:17,5
DA:18,4
DA:19,3
DA:20,2
DA:21,1
DA:25,2
DA:26,2
DA:27,1
DA:31,2
DA:32,1
DA:36,2
DA:37,2
DA:38,1
DA:42,3
DA:43,3
DA:44,0
DA:52,2
DA:53,1
DA:54,1
DA:55,1
DA:56,1
DA:57,1
DA:60,1
DA:66,1
LF:27
LH:26
BRDA:17,0,0,1
BRDA:17,0,1,4
BRDA:18,1,0,1
BRDA:18,1,1,3
BRDA:19,2,0,1
BRDA:19,2,1,2
BRDA:20,3,0,1
BRDA:20,3,1,1
BRDA:21,4,0,1
BRDA:21,4,1,0
BRDA:43,5,0,3
BRDA:43,5,1,0
BRDA:52,6,0,1
BRDA:52,6,1,1
BRF:14
BRH:12
end_of_record
TN:
SF:models/notes-collection.js
FN:8,(anonymous_0)
FN:12,(anonymous_1)
FN:22,(anonymous_2)
FN:27,(anonymous_3)
FN:31,(anonymous_4)
FNF:5
FNH:5
FNDA:2,(anonymous_0)
FNDA:7,(anonymous_1)
FNDA:5,(anonymous_2)
FNDA:2,(anonymous_3)
FNDA:2,(anonymous_4)
DA:4,2
DA:14,7
DA:15,3
DA:18,4
DA:23,5
DA:24,5
DA:28,2
DA:32,2
DA:36,2
LF:9
LH:9
BRDA:14,0,0,3
BRDA:14,0,1,4
BRF:2
BRH:2
end_of_record
TN:
SF:models/notes-schema.js
FNF:0
FNH:0
DA:3,2
DA:6,2
DA:12,2
LF:3
LH:3
BRF:0
BRH:0
end_of_record
